<?xml version="1.0" encoding="UTF-8"?>
<!-- Generated by org.testng.reporters.JUnitXMLReporter -->
<testsuite hostname="DKS-Sobolev" ignored="0" tests="21" failures="0" timestamp="2023-01-18T21:01:32 MSK" time="134.883" errors="0">
  <testcase name="@AfterClass after" time="40.276" classname="UITest">
    <failure type="org.openqa.selenium.WebDriverException" message="disconnected: unable to connect to renderer
  (failed to check if window was closed: disconnected: unable to connect to renderer)
  (Session info: chrome=109.0.5414.74)
Build info: version: &amp;apos;4.6.0&amp;apos;, revision: &amp;apos;79f1c02ae20&amp;apos;
System info: os.name: &amp;apos;Windows 10&amp;apos;, os.arch: &amp;apos;amd64&amp;apos;, os.version: &amp;apos;10.0&amp;apos;, java.version: &amp;apos;1.8.0_321&amp;apos;
Driver info: org.openqa.selenium.chrome.ChromeDriver
Command: [7d8a972bcfb236ac64603fb4d7956687, close {}]
Capabilities {acceptInsecureCerts: false, browserName: chrome, browserVersion: 109.0.5414.74, chrome: {chromedriverVersion: 109.0.5414.74 (e7c5703604da..., userDataDir: C:\Users\Sobolev\AppData\Lo...}, goog:chromeOptions: {debuggerAddress: localhost:49673}, networkConnectionEnabled: false, pageLoadStrategy: normal, platformName: WINDOWS, proxy: Proxy(), se:cdp: ws://localhost:49673/devtoo..., se:cdpVersion: 109.0.5414.74, setWindowRect: true, strictFileInteractability: false, timeouts: {implicit: 0, pageLoad: 300000, script: 30000}, unhandledPromptBehavior: dismiss and notify, webauthn:extension:credBlob: true, webauthn:extension:largeBlob: true, webauthn:virtualAuthenticators: true}
Session ID: 7d8a972bcfb236ac64603fb4d7956687">
      <![CDATA[org.openqa.selenium.WebDriverException: disconnected: unable to connect to renderer
  (failed to check if window was closed: disconnected: unable to connect to renderer)
  (Session info: chrome=109.0.5414.74)
Build info: version: '4.6.0', revision: '79f1c02ae20'
System info: os.name: 'Windows 10', os.arch: 'amd64', os.version: '10.0', java.version: '1.8.0_321'
Driver info: org.openqa.selenium.chrome.ChromeDriver
Command: [7d8a972bcfb236ac64603fb4d7956687, close {}]
Capabilities {acceptInsecureCerts: false, browserName: chrome, browserVersion: 109.0.5414.74, chrome: {chromedriverVersion: 109.0.5414.74 (e7c5703604da..., userDataDir: C:\Users\Sobolev\AppData\Lo...}, goog:chromeOptions: {debuggerAddress: localhost:49673}, networkConnectionEnabled: false, pageLoadStrategy: normal, platformName: WINDOWS, proxy: Proxy(), se:cdp: ws://localhost:49673/devtoo..., se:cdpVersion: 109.0.5414.74, setWindowRect: true, strictFileInteractability: false, timeouts: {implicit: 0, pageLoad: 300000, script: 30000}, unhandledPromptBehavior: dismiss and notify, webauthn:extension:credBlob: true, webauthn:extension:largeBlob: true, webauthn:virtualAuthenticators: true}
Session ID: 7d8a972bcfb236ac64603fb4d7956687
at org.openqa.selenium.remote.codec.w3c.W3CHttpResponseCodec.createException(W3CHttpResponseCodec.java:200)
at org.openqa.selenium.remote.codec.w3c.W3CHttpResponseCodec.decode(W3CHttpResponseCodec.java:133)
at org.openqa.selenium.remote.codec.w3c.W3CHttpResponseCodec.decode(W3CHttpResponseCodec.java:53)
at org.openqa.selenium.remote.HttpCommandExecutor.execute(HttpCommandExecutor.java:184)
at org.openqa.selenium.remote.service.DriverCommandExecutor.invokeExecute(DriverCommandExecutor.java:167)
at org.openqa.selenium.remote.service.DriverCommandExecutor.execute(DriverCommandExecutor.java:142)
at org.openqa.selenium.remote.RemoteWebDriver.execute(RemoteWebDriver.java:541)
at org.openqa.selenium.remote.RemoteWebDriver.execute(RemoteWebDriver.java:596)
at org.openqa.selenium.remote.RemoteWebDriver.execute(RemoteWebDriver.java:600)
at org.openqa.selenium.remote.RemoteWebDriver.close(RemoteWebDriver.java:432)
at UITest.after(UITest.java:37)
at java.util.ArrayList.forEach(ArrayList.java:1259)
at Runner.startTest(Runner.java:8)
at Main.main(Main.java:4)
... Removed 26 stack frames]]>
    </failure>
  </testcase> <!-- @AfterClass after -->
  <testcase name="createBoardTest" time="3.281" classname="RestApiTest"/>
  <testcase name="createListOnBoardTest" time="0.631" classname="RestApiTest"/>
  <testcase name="addCardOnListTest" time="0.817" classname="RestApiTest"/>
  <testcase name="addAttachmentOnCardTest" time="1.38" classname="RestApiTest"/>
  <testcase name="createChecklistTest" time="0.669" classname="RestApiTest"/>
  <testcase name="createCheckItemOnChecklistTest" time="0.69" classname="RestApiTest"/>
  <testcase name="createCheckItemOnChecklistTest2" time="0.615" classname="RestApiTest"/>
  <testcase name="setDeadlineTest" time="1.235" classname="RestApiTest"/>
  <testcase name="setDescriptionOnCardTest" time="1.239" classname="RestApiTest"/>
  <testcase name="updateCheckItemOnCardTest" time="0.672" classname="RestApiTest"/>
  <testcase name="createOtherListOnBoardTest" time="0.616" classname="RestApiTest"/>
  <testcase name="updateCardTest" time="0.744" classname="RestApiTest"/>
  <testcase name="archiveCardTest" time="0.685" classname="RestApiTest"/>
  <testcase name="updateSecondCheckItemOnCardTest" time="0.673" classname="RestApiTest"/>
  <testcase name="addStickerTest" time="0.549" classname="RestApiTest"/>
  <testcase name="cardOnBoardTest" time="3.257" classname="UITest"/>
  <testcase name="completeCheckboxTest" time="2.124" classname="UITest"/>
  <testcase name="setCoverColorTest" time="1.669" classname="UITest"/>
  <testcase name="completeTaskTest" time="0.24" classname="UITest"/>
  <testcase name="setBackgroundColorTest" time="0.462" classname="UITest"/>
  <testcase name="setNewBoardNameTest" time="2.382" classname="UITest"/>
</testsuite>
